0 info it worked if it ends with ok
1 verbose cli [ '/Users/daigo/.anyenv/envs/ndenv/versions/v6.9.2/bin/node',
1 verbose cli   '/Users/daigo/.anyenv/envs/ndenv/versions/v6.9.2/bin/npm',
1 verbose cli   'run',
1 verbose cli   'patch' ]
2 info using npm@3.10.9
3 info using node@v6.9.2
4 verbose run-script [ 'prepatch', 'patch', 'postpatch' ]
5 info lifecycle smartphoto@0.2.2~prepatch: smartphoto@0.2.2
6 silly lifecycle smartphoto@0.2.2~prepatch: no script for prepatch, continuing
7 info lifecycle smartphoto@0.2.2~patch: smartphoto@0.2.2
8 verbose lifecycle smartphoto@0.2.2~patch: unsafe-perm in lifecycle true
9 verbose lifecycle smartphoto@0.2.2~patch: PATH: /Users/daigo/.anyenv/envs/ndenv/versions/v6.9.2/lib/node_modules/npm/bin/node-gyp-bin:/Users/daigo/Documents/coolPhoto/node_modules/.bin:/Users/daigo/.anyenv/envs/ndenv/versions/v6.9.2/bin:/Users/daigo/.anyenv/envs/ndenv/libexec:/Users/daigo/.anyenv/envs/ndenv/plugins/node-build/bin:/Users/daigo/.anyenv/envs/ndenv/bin:/Users/daigo/.anyenv/bin:/Users/daigo/.anyenv/envs/ndenv/shims:/Users/daigo/.anyenv/envs/ndenv/bin:/Users/daigo/.anyenv/bin:/usr/bin:/bin:/usr/sbin:/sbin:/usr/local/bin:/opt/X11/bin
10 verbose lifecycle smartphoto@0.2.2~patch: CWD: /Users/daigo/Documents/coolPhoto
11 silly lifecycle smartphoto@0.2.2~patch: Args: [ '-c', 'npm version patch && node ./tools/index.js' ]
12 silly lifecycle smartphoto@0.2.2~patch: Returned: code: 1  signal: null
13 info lifecycle smartphoto@0.2.2~patch: Failed to exec patch script
14 verbose stack Error: smartphoto@0.2.2 patch: `npm version patch && node ./tools/index.js`
14 verbose stack Exit status 1
14 verbose stack     at EventEmitter.<anonymous> (/Users/daigo/.anyenv/envs/ndenv/versions/v6.9.2/lib/node_modules/npm/lib/utils/lifecycle.js:255:16)
14 verbose stack     at emitTwo (events.js:106:13)
14 verbose stack     at EventEmitter.emit (events.js:191:7)
14 verbose stack     at ChildProcess.<anonymous> (/Users/daigo/.anyenv/envs/ndenv/versions/v6.9.2/lib/node_modules/npm/lib/utils/spawn.js:40:14)
14 verbose stack     at emitTwo (events.js:106:13)
14 verbose stack     at ChildProcess.emit (events.js:191:7)
14 verbose stack     at maybeClose (internal/child_process.js:877:16)
14 verbose stack     at Process.ChildProcess._handle.onexit (internal/child_process.js:226:5)
15 verbose pkgid smartphoto@0.2.2
16 verbose cwd /Users/daigo/Documents/coolPhoto
17 error Darwin 15.6.0
18 error argv "/Users/daigo/.anyenv/envs/ndenv/versions/v6.9.2/bin/node" "/Users/daigo/.anyenv/envs/ndenv/versions/v6.9.2/bin/npm" "run" "patch"
19 error node v6.9.2
20 error npm  v3.10.9
21 error code ELIFECYCLE
22 error smartphoto@0.2.2 patch: `npm version patch && node ./tools/index.js`
22 error Exit status 1
23 error Failed at the smartphoto@0.2.2 patch script 'npm version patch && node ./tools/index.js'.
23 error Make sure you have the latest version of node.js and npm installed.
23 error If you do, this is most likely a problem with the smartphoto package,
23 error not with npm itself.
23 error Tell the author that this fails on your system:
23 error     npm version patch && node ./tools/index.js
23 error You can get information on how to open an issue for this project with:
23 error     npm bugs smartphoto
23 error Or if that isn't available, you can get their info via:
23 error     npm owner ls smartphoto
23 error There is likely additional logging output above.
24 verbose exit [ 1, true ]
